<?xml version="1.0" encoding="UTF-8"?>
<!-- Generated by org.testng.reporters.JUnitReportReporter -->
<testsuite hostname="AkashPandit" failures="0" tests="6" name="automationProject.Selenium101Test" time="42.213" errors="0" timestamp="2025-03-24T23:32:59 IST" skipped="0">
  <testcase classname="automationProject.Selenium101Test" name="testScenario1" time="2.481"/>
  <system-out/>
  <testcase classname="automationProject.Selenium101Test" name="testScenario3" time="10.380"/>
  <system-out/>
  <testcase classname="automationProject.Selenium101Test" name="testScenario3" time="9.983"/>
  <system-out/>
  <testcase classname="automationProject.Selenium101Test" name="testScenario1" time="4.955"/>
  <system-out/>
  <testcase classname="automationProject.Selenium101Test" name="testScenario2" time="7.192"/>
  <system-out/>
  <testcase classname="automationProject.Selenium101Test" name="testScenario2" time="7.222"/>
  <system-out/>
</testsuite> <!-- automationProject.Selenium101Test -->
